2016-03-08 13:43:10  [ main:0 ] - [ INFO ]  start jetty-server ......
2016-03-08 13:43:10  [ main:9 ] - [ INFO ]  begin initialization QueuedThreadPool ......
2016-03-08 13:43:10  [ main:11 ] - [ INFO ]  begin initialization SelectChannelConnector ......
2016-03-08 13:43:10  [ main:24 ] - [ INFO ]  Logging to org.slf4j.impl.Log4jLoggerAdapter(org.mortbay.log) via org.mortbay.log.Slf4jLog
2016-03-08 13:43:10  [ main:24 ] - [ INFO ]  begin initialization Server ......
2016-03-08 13:43:10  [ main:32 ] - [ INFO ]  begin initialization WebAppContext ......
2016-03-08 13:43:10  [ main:33 ] - [ INFO ]   initialization app-root '/paas-cdev=src/main/webapp' ...... 
2016-03-08 13:43:10  [ main:61 ] - [ INFO ]  begin start server ......
2016-03-08 13:43:10  [ main:61 ] - [ INFO ]  jetty-6.1.26
2016-03-08 13:43:10  [ main:420 ] - [ INFO ]  Initializing Spring FrameworkServlet 'spring'
2016-03-08 13:43:10  [ main:420 ] - [ INFO ]  FrameworkServlet 'spring': initialization started
2016-03-08 13:43:10  [ main:436 ] - [ INFO ]  Refreshing WebApplicationContext for namespace 'spring-servlet': startup date [Tue Mar 08 13:43:10 CST 2016]; root of context hierarchy
2016-03-08 13:43:10  [ main:474 ] - [ INFO ]  Loading XML bean definitions from ServletContext resource [/WEB-INF/spring-servlet.xml]
2016-03-08 13:43:10  [ main:531 ] - [ INFO ]  Loading XML bean definitions from class path resource [spring-context.xml]
2016-03-08 13:43:10  [ main:565 ] - [ INFO ]  Loading XML bean definitions from class path resource [spring-dubbo-client.xml]
2016-03-08 13:43:10  [ main:602 ] - [ INFO ]  Loading XML bean definitions from class path resource [spring-sso-client.xml]
2016-03-08 13:43:10  [ main:610 ] - [ INFO ]  Loading XML bean definitions from class path resource [spring/spring-sso-client.xml]
2016-03-08 13:43:10  [ main:632 ] - [ INFO ]  JSR-250 'javax.annotation.ManagedBean' found and supported for component scanning
2016-03-08 13:43:10  [ main:666 ] - [ INFO ]  Loading XML bean definitions from class path resource [spring/spring-paas-frame.xml]
2016-03-08 13:43:10  [ main:677 ] - [ INFO ]  JSR-250 'javax.annotation.ManagedBean' found and supported for component scanning
2016-03-08 13:43:10  [ main:718 ] - [ INFO ]  Loading XML bean definitions from class path resource [spring/spring-paas-cdev.xml]
2016-03-08 13:43:10  [ main:730 ] - [ INFO ]  JSR-250 'javax.annotation.ManagedBean' found and supported for component scanning
2016-03-08 13:43:11  [ main:844 ] - [ INFO ]  Loading properties file from class path resource [project.properties]
2016-03-08 13:43:11  [ main:873 ] - [ INFO ]  Pre-instantiating singletons in org.springframework.beans.factory.support.DefaultListableBeanFactory@5ff368: defining beans [viewResolver,org.springframework.web.servlet.handler.SimpleMappingExceptionResolver#0,multipartResolver,org.springframework.beans.factory.config.PropertyPlaceholderConfigurer#0,com.binary.framework.util.FrameworkProperties#0,DubboRestClient_SYS,DubboRestClient_RES,DubboRestClient_DEV,DubboxRest_SysFrameSvc,DubboxRest_MerchentSvc,DubboxRest_PcProductSvc,DubboxRest_PcProjectSvc,DubboxRest_VcMntRepositoryApplySvc,DubboxRest_PcCompRoomSvc,org.springframework.context.annotation.internalConfigurationAnnotationProcessor,org.springframework.context.annotation.internalAutowiredAnnotationProcessor,org.springframework.context.annotation.internalRequiredAnnotationProcessor,org.springframework.context.annotation.internalCommonAnnotationProcessor,com.binary.sso.client.auth.SsoClientAuthMvc#0,com.binary.sso.client.SsoClientConfiguration#0,dropListMvc,indexMvc,moduMvc,tmpFileMvc,treeListMvc,com.aic.paas.frame.cross.peer.impl.SysAuthResPeerImpl#0,com.aic.paas.frame.cross.peer.impl.SysFramePeerImpl#0,com.aic.paas.frame.util.SysFrameUtil#0,com.aic.paas.frame.cross.integration.PaasSsoUserLoginListener#0,dispatchMvc,pcCompRoomMvc,pcProductMvc,pcProjectMvc,vcMntRepositoryApplyMvc,com.aic.paas.cdev.peer.impl.PcProductPeerImpl#0,com.aic.paas.cdev.peer.impl.PcProjectPeerImpl#0,com.aic.paas.cdev.peer.impl.VcMntRepositoryApplyPeerImpl#0,com.aic.paas.cdev.peer.impl.PcCompRoomPeerImpl#0,org.springframework.context.annotation.ConfigurationClassPostProcessor.importAwareProcessor]; root of factory hierarchy
2016-03-08 13:43:11  [ main:1078 ] - [ INFO ]  Mapped URL path [/sso/client/auth/verifyLogin] onto handler 'com.binary.sso.client.auth.SsoClientAuthMvc#0'
2016-03-08 13:43:11  [ main:1078 ] - [ INFO ]  Mapped URL path [/sso/client/auth/verifyLogin.*] onto handler 'com.binary.sso.client.auth.SsoClientAuthMvc#0'
2016-03-08 13:43:11  [ main:1079 ] - [ INFO ]  Mapped URL path [/sso/client/auth/verifyLogin/] onto handler 'com.binary.sso.client.auth.SsoClientAuthMvc#0'
2016-03-08 13:43:11  [ main:1079 ] - [ INFO ]  Mapped URL path [/sso/client/auth/notLogin] onto handler 'com.binary.sso.client.auth.SsoClientAuthMvc#0'
2016-03-08 13:43:11  [ main:1081 ] - [ INFO ]  Mapped URL path [/sso/client/auth/notLogin.*] onto handler 'com.binary.sso.client.auth.SsoClientAuthMvc#0'
2016-03-08 13:43:11  [ main:1081 ] - [ INFO ]  Mapped URL path [/sso/client/auth/notLogin/] onto handler 'com.binary.sso.client.auth.SsoClientAuthMvc#0'
2016-03-08 13:43:11  [ main:1082 ] - [ INFO ]  Mapped URL path [/sso/client/auth/ssoCallback] onto handler 'com.binary.sso.client.auth.SsoClientAuthMvc#0'
2016-03-08 13:43:11  [ main:1082 ] - [ INFO ]  Mapped URL path [/sso/client/auth/ssoCallback.*] onto handler 'com.binary.sso.client.auth.SsoClientAuthMvc#0'
2016-03-08 13:43:11  [ main:1082 ] - [ INFO ]  Mapped URL path [/sso/client/auth/ssoCallback/] onto handler 'com.binary.sso.client.auth.SsoClientAuthMvc#0'
2016-03-08 13:43:11  [ main:1085 ] - [ INFO ]  Mapped URL path [/sys/frame/cross/drop/getDropListBatchSingle] onto handler 'dropListMvc'
2016-03-08 13:43:11  [ main:1085 ] - [ INFO ]  Mapped URL path [/sys/frame/cross/drop/getDropListBatchSingle.*] onto handler 'dropListMvc'
2016-03-08 13:43:11  [ main:1085 ] - [ INFO ]  Mapped URL path [/sys/frame/cross/drop/getDropListBatchSingle/] onto handler 'dropListMvc'
2016-03-08 13:43:11  [ main:1085 ] - [ INFO ]  Mapped URL path [/sys/frame/cross/drop/getDropList] onto handler 'dropListMvc'
2016-03-08 13:43:11  [ main:1085 ] - [ INFO ]  Mapped URL path [/sys/frame/cross/drop/getDropList.*] onto handler 'dropListMvc'
2016-03-08 13:43:11  [ main:1086 ] - [ INFO ]  Mapped URL path [/sys/frame/cross/drop/getDropList/] onto handler 'dropListMvc'
2016-03-08 13:43:11  [ main:1086 ] - [ INFO ]  Mapped URL path [/sys/frame/cross/drop/getDropListBatch] onto handler 'dropListMvc'
2016-03-08 13:43:11  [ main:1086 ] - [ INFO ]  Mapped URL path [/sys/frame/cross/drop/getDropListBatch.*] onto handler 'dropListMvc'
2016-03-08 13:43:11  [ main:1086 ] - [ INFO ]  Mapped URL path [/sys/frame/cross/drop/getDropListBatch/] onto handler 'dropListMvc'
2016-03-08 13:43:11  [ main:1086 ] - [ INFO ]  Root mapping to handler 'indexMvc'
2016-03-08 13:43:11  [ main:1087 ] - [ INFO ]  Mapped URL path [/sys/frame/cross/modu/getMenuTree] onto handler 'moduMvc'
2016-03-08 13:43:11  [ main:1087 ] - [ INFO ]  Mapped URL path [/sys/frame/cross/modu/getMenuTree.*] onto handler 'moduMvc'
2016-03-08 13:43:11  [ main:1087 ] - [ INFO ]  Mapped URL path [/sys/frame/cross/modu/getMenuTree/] onto handler 'moduMvc'
2016-03-08 13:43:11  [ main:1087 ] - [ INFO ]  Mapped URL path [/sys/frame/cross/modu/openModuleById] onto handler 'moduMvc'
2016-03-08 13:43:11  [ main:1088 ] - [ INFO ]  Mapped URL path [/sys/frame/cross/modu/openModuleById.*] onto handler 'moduMvc'
2016-03-08 13:43:11  [ main:1088 ] - [ INFO ]  Mapped URL path [/sys/frame/cross/modu/openModuleById/] onto handler 'moduMvc'
2016-03-08 13:43:11  [ main:1088 ] - [ INFO ]  Mapped URL path [/sys/frame/cross/modu/openModuleByCode] onto handler 'moduMvc'
2016-03-08 13:43:11  [ main:1088 ] - [ INFO ]  Mapped URL path [/sys/frame/cross/modu/openModuleByCode.*] onto handler 'moduMvc'
2016-03-08 13:43:11  [ main:1088 ] - [ INFO ]  Mapped URL path [/sys/frame/cross/modu/openModuleByCode/] onto handler 'moduMvc'
2016-03-08 13:43:11  [ main:1089 ] - [ INFO ]  Mapped URL path [/sys/frame/cross/tmpfile/upload] onto handler 'tmpFileMvc'
2016-03-08 13:43:11  [ main:1089 ] - [ INFO ]  Mapped URL path [/sys/frame/cross/tmpfile/upload.*] onto handler 'tmpFileMvc'
2016-03-08 13:43:11  [ main:1089 ] - [ INFO ]  Mapped URL path [/sys/frame/cross/tmpfile/upload/] onto handler 'tmpFileMvc'
2016-03-08 13:43:11  [ main:1090 ] - [ INFO ]  Mapped URL path [/dispatch/mi/**] onto handler 'dispatchMvc'
2016-03-08 13:43:11  [ main:1090 ] - [ INFO ]  Mapped URL path [/dispatch/mi/**.*] onto handler 'dispatchMvc'
2016-03-08 13:43:11  [ main:1090 ] - [ INFO ]  Mapped URL path [/dispatch/mi/**/] onto handler 'dispatchMvc'
2016-03-08 13:43:11  [ main:1090 ] - [ INFO ]  Mapped URL path [/dispatch/mc/**] onto handler 'dispatchMvc'
2016-03-08 13:43:11  [ main:1090 ] - [ INFO ]  Mapped URL path [/dispatch/mc/**.*] onto handler 'dispatchMvc'
2016-03-08 13:43:11  [ main:1090 ] - [ INFO ]  Mapped URL path [/dispatch/mc/**/] onto handler 'dispatchMvc'
2016-03-08 13:43:11  [ main:1091 ] - [ INFO ]  Mapped URL path [/res/comproom/getCompRoomDropList] onto handler 'pcCompRoomMvc'
2016-03-08 13:43:11  [ main:1091 ] - [ INFO ]  Mapped URL path [/res/comproom/getCompRoomDropList.*] onto handler 'pcCompRoomMvc'
2016-03-08 13:43:11  [ main:1091 ] - [ INFO ]  Mapped URL path [/res/comproom/getCompRoomDropList/] onto handler 'pcCompRoomMvc'
2016-03-08 13:43:11  [ main:1092 ] - [ INFO ]  Mapped URL path [/dev/product/queryProductById] onto handler 'pcProductMvc'
2016-03-08 13:43:11  [ main:1093 ] - [ INFO ]  Mapped URL path [/dev/product/queryProductById.*] onto handler 'pcProductMvc'
2016-03-08 13:43:11  [ main:1093 ] - [ INFO ]  Mapped URL path [/dev/product/queryProductById/] onto handler 'pcProductMvc'
2016-03-08 13:43:11  [ main:1094 ] - [ INFO ]  Mapped URL path [/dev/project/queryProjectById] onto handler 'pcProjectMvc'
2016-03-08 13:43:11  [ main:1094 ] - [ INFO ]  Mapped URL path [/dev/project/queryProjectById.*] onto handler 'pcProjectMvc'
2016-03-08 13:43:11  [ main:1094 ] - [ INFO ]  Mapped URL path [/dev/project/queryProjectById/] onto handler 'pcProjectMvc'
2016-03-08 13:43:11  [ main:1095 ] - [ INFO ]  Mapped URL path [/vs/mntrespapply/queryInfoPage] onto handler 'vcMntRepositoryApplyMvc'
2016-03-08 13:43:11  [ main:1095 ] - [ INFO ]  Mapped URL path [/vs/mntrespapply/queryInfoPage.*] onto handler 'vcMntRepositoryApplyMvc'
2016-03-08 13:43:11  [ main:1095 ] - [ INFO ]  Mapped URL path [/vs/mntrespapply/queryInfoPage/] onto handler 'vcMntRepositoryApplyMvc'
2016-03-08 13:43:11  [ main:1095 ] - [ INFO ]  Mapped URL path [/vs/mntrespapply/queryInfoList] onto handler 'vcMntRepositoryApplyMvc'
2016-03-08 13:43:11  [ main:1096 ] - [ INFO ]  Mapped URL path [/vs/mntrespapply/queryInfoList.*] onto handler 'vcMntRepositoryApplyMvc'
2016-03-08 13:43:11  [ main:1096 ] - [ INFO ]  Mapped URL path [/vs/mntrespapply/queryInfoList/] onto handler 'vcMntRepositoryApplyMvc'
2016-03-08 13:43:11  [ main:1096 ] - [ INFO ]  Mapped URL path [/vs/mntrespapply/queryInfoById] onto handler 'vcMntRepositoryApplyMvc'
2016-03-08 13:43:11  [ main:1096 ] - [ INFO ]  Mapped URL path [/vs/mntrespapply/queryInfoById.*] onto handler 'vcMntRepositoryApplyMvc'
2016-03-08 13:43:11  [ main:1096 ] - [ INFO ]  Mapped URL path [/vs/mntrespapply/queryInfoById/] onto handler 'vcMntRepositoryApplyMvc'
2016-03-08 13:43:11  [ main:1096 ] - [ INFO ]  Mapped URL path [/vs/mntrespapply/openUpGit] onto handler 'vcMntRepositoryApplyMvc'
2016-03-08 13:43:11  [ main:1097 ] - [ INFO ]  Mapped URL path [/vs/mntrespapply/openUpGit.*] onto handler 'vcMntRepositoryApplyMvc'
2016-03-08 13:43:11  [ main:1097 ] - [ INFO ]  Mapped URL path [/vs/mntrespapply/openUpGit/] onto handler 'vcMntRepositoryApplyMvc'
2016-03-08 13:43:11  [ main:1097 ] - [ INFO ]  Mapped URL path [/vs/mntrespapply/openUpSvn] onto handler 'vcMntRepositoryApplyMvc'
2016-03-08 13:43:11  [ main:1097 ] - [ INFO ]  Mapped URL path [/vs/mntrespapply/openUpSvn.*] onto handler 'vcMntRepositoryApplyMvc'
2016-03-08 13:43:11  [ main:1097 ] - [ INFO ]  Mapped URL path [/vs/mntrespapply/openUpSvn/] onto handler 'vcMntRepositoryApplyMvc'
2016-03-08 13:43:11  [ main:1190 ] - [ INFO ]  FrameworkServlet 'spring': initialization completed in 770 ms
2016-03-08 13:43:11  [ main:1205 ] - [ INFO ]  Started SelectChannelConnector@0.0.0.0:16103
2016-03-08 13:43:11  [ main:1205 ] - [ INFO ]  start server successful.
2016-03-08 13:44:05  [ 2711508@qtp-10787024-8:55225 ] - [ INFO ]   sys-frame refresh login ...... 
2016-03-08 13:44:05  [ 2711508@qtp-10787024-8:55225 ] - [ INFO ]   sys-frame refresh login successful. 
